<?xml version="1.0" encoding="UTF-8"?>
<!-- Generated by org.testng.reporters.JUnitReportReporter -->
<testsuite hostname="DESKTOP-ICKT79R" failures="0" tests="1" name="com.actitme.testscript.CustomerModule" time="31.642" errors="0" timestamp="2023-05-30T15:55:58 IST" skipped="0">
  <testcase classname="com.actitme.testscript.CustomerModule" name="createCustmer" time="31.642"/>
  <system-out>
    <![CDATA[createCustmer]]>
  </system-out>
</testsuite> <!-- com.actitme.testscript.CustomerModule -->
